[debug] [2024-07-24T10:11:11.143Z] ----------------------------------------------------------------------
[debug] [2024-07-24T10:11:11.145Z] Command:       C:\Program Files\nodejs\node.exe C:\Users\swapn\AppData\Roaming\npm\node_modules\firebase-tools\lib\bin\firebase.js init
[debug] [2024-07-24T10:11:11.145Z] CLI Version:   13.10.2
[debug] [2024-07-24T10:11:11.146Z] Platform:      win32
[debug] [2024-07-24T10:11:11.146Z] Node Version:  v20.14.0
[debug] [2024-07-24T10:11:11.146Z] Time:          Wed Jul 24 2024 15:41:11 GMT+0530 (India Standard Time)
[debug] [2024-07-24T10:11:11.146Z] ----------------------------------------------------------------------
[debug] 
[debug] [2024-07-24T10:11:11.150Z] >>> [apiv2][query] GET https://firebase-public.firebaseio.com/cli.json [none]
[debug] [2024-07-24T10:11:11.211Z] > command requires scopes: ["email","openid","https://www.googleapis.com/auth/cloudplatformprojects.readonly","https://www.googleapis.com/auth/firebase","https://www.googleapis.com/auth/cloud-platform"]
[debug] [2024-07-24T10:11:11.211Z] > authorizing via signed-in user (personal.swapnil.parashar@gmail.com)
[info] 
     ######## #### ########  ######## ########     ###     ######  ########
     ##        ##  ##     ## ##       ##     ##  ##   ##  ##       ##
     ######    ##  ########  ######   ########  #########  ######  ######
     ##        ##  ##    ##  ##       ##     ## ##     ##       ## ##
     ##       #### ##     ## ######## ########  ##     ##  ######  ########

You're about to initialize a Firebase project in this directory:

  G:\Projects\ReactJS\login-temp

[debug] [2024-07-24T10:11:13.811Z] <<< [apiv2][status] GET https://firebase-public.firebaseio.com/cli.json 200
[debug] [2024-07-24T10:11:13.812Z] <<< [apiv2][body] GET https://firebase-public.firebaseio.com/cli.json {"cloudBuildErrorAfter":1594252800000,"cloudBuildWarnAfter":1590019200000,"defaultNode10After":1594252800000,"minVersion":"3.0.5","node8DeploysDisabledAfter":1613390400000,"node8RuntimeDisabledAfter":1615809600000,"node8WarnAfter":1600128000000}
